<?xml version="1.0" encoding="UTF-8"?>
<testsuite name="cs455.overlay.wireformats.OverlayNodeSendsRegistrationTest" tests="2" skipped="0" failures="0" errors="0" timestamp="2020-08-18T03:42:22" hostname="RazerBlade" time="0.001">
  <properties/>
  <testcase name="testCreation" classname="cs455.overlay.wireformats.OverlayNodeSendsRegistrationTest" time="0.0"/>
  <testcase name="testMarshalling" classname="cs455.overlay.wireformats.OverlayNodeSendsRegistrationTest" time="0.001"/>
  <system-out><![CDATA[]]></system-out>
  <system-err><![CDATA[]]></system-err>
</testsuite>
